explain -- $ID$
-- TPC-H/TPC-R Shipping Modes and Order Priority Query (Q12)
-- Functional Query Definition
-- Approved February 1998
select
	l_shipmode,
	sum(case
		when o_orderpriority = '1-URGENT'
			or o_orderpriority = '2-HIGH'
			then 1
		else 0
	end) as high_line_count,
	sum(case
		when o_orderpriority <> '1-URGENT'
			and o_orderpriority <> '2-HIGH'
			then 1
		else 0
	end) as low_line_count
from
	orders,
	lineitem
where
	o_orderkey = l_orderkey
	and l_shipmode in ('MAIL', 'SHIP')
	and l_commitdate < l_receiptdate
	and l_shipdate < l_commitdate
	and l_receiptdate >= date '1994-01-01'
	and l_receiptdate < date '1994-01-01' + interval '1' year
group by
	l_shipmode
order by
	l_shipmode;
                                                                                                                                     QUERY PLAN                                                                                                                                     
------------------------------------------------------------------------------------------------------------------------------------------------------------------------------------------------------------------------------------------------------------------------------------
 Finalize GroupAggregate  (cost=220701.23..220949.35 rows=7 width=27)
   Group Key: lineitem.l_shipmode
   ->  Gather Merge  (cost=220701.23..220949.17 rows=14 width=27)
         Workers Planned: 2
         ->  Partial GroupAggregate  (cost=219701.20..219947.53 rows=7 width=27)
               Group Key: lineitem.l_shipmode
               ->  Sort  (cost=219701.20..219731.98 rows=12313 width=27)
                     Sort Key: lineitem.l_shipmode
                     ->  Parallel Hash Join  (cost=177916.11..218864.66 rows=12313 width=27)
                           Hash Cond: (orders.o_orderkey = lineitem.l_orderkey)
                           ->  Parallel Seq Scan on orders  (cost=0.00..33866.00 rows=625000 width=20)
                           ->  Parallel Hash  (cost=177762.20..177762.20 rows=12313 width=19)
                                 ->  Parallel Seq Scan on lineitem  (cost=0.00..177762.20 rows=12313 width=19)
                                       Filter: ((l_shipmode = ANY ('{MAIL,SHIP}'::bpchar[])) AND (l_commitdate < l_receiptdate) AND (l_shipdate < l_commitdate) AND (l_receiptdate >= '1994-01-01'::date) AND (l_receiptdate < '1995-01-01 00:00:00'::timestamp without time zone))
(14 rows)

