explain -- $ID$
-- TPC-H/TPC-R Forecasting Revenue Change Query (Q6)
-- Functional Query Definition
-- Approved February 1998
select
	sum(l_extendedprice * l_discount) as revenue
from
	lineitem
where
	l_shipdate >= date '1994-01-01'
	and l_shipdate < date '1994-01-01' + interval '1' year
	and l_discount between 0.06 - 0.01 and 0.06 + 0.01
	and l_quantity < 24;
                                                                                                       QUERY PLAN                                                                                                        
-------------------------------------------------------------------------------------------------------------------------------------------------------------------------------------------------------------------------
 Aggregate  (cost=157835.00..157835.01 rows=1 width=32)
   ->  Bitmap Heap Scan on lineitem  (cost=30011.52..157256.86 rows=115628 width=12)
         Recheck Cond: ((l_shipdate >= '1994-01-01'::date) AND (l_shipdate < '1995-01-01 00:00:00'::timestamp without time zone) AND (l_discount >= 0.05) AND (l_discount <= 0.07) AND (l_quantity < '24'::numeric))
         ->  Bitmap Index Scan on idx_lineitem_shipdate  (cost=0.00..29982.61 rows=115628 width=0)
               Index Cond: ((l_shipdate >= '1994-01-01'::date) AND (l_shipdate < '1995-01-01 00:00:00'::timestamp without time zone) AND (l_discount >= 0.05) AND (l_discount <= 0.07) AND (l_quantity < '24'::numeric))
(5 rows)

