 Sort  (cost=39315.46..39355.55 rows=16037 width=44)
   ->  GroupAggregate  (cost=30474.55..38195.34 rows=16037 width=44)
         ->  Gather Merge  (cost=30474.55..37437.15 rows=59782 width=44)
               ->  Sort  (cost=29474.53..29536.80 rows=24909 width=44)
                     ->  Parallel Hash Join  (cost=6691.45..27655.63 rows=24909 width=44)
                           ->  Parallel Index Only Scan using partsupp_pkey on partsupp  (cost=355.43..20882.09 rows=166667 width=16)
                                   ->  Seq Scan on supplier  (cost=0.00..355.00 rows=1 width=4)
                           ->  Parallel Hash  (cost=6180.33..6180.33 rows=12455 width=40)
                                 ->  Parallel Seq Scan on part  (cost=0.00..6180.33 rows=12455 width=40)
