 Aggregate  (cost=204878.93..204878.94 rows=1 width=32)
   ->  Hash Join  (cost=6368.94..204874.05 rows=1951 width=8)
         ->  Seq Scan on lineitem  (cost=0.00..181513.28 rows=6001728 width=21)
         ->  Hash  (cost=6366.50..6366.50 rows=195 width=4)
               ->  Gather  (cost=1000.00..6366.50 rows=195 width=4)
                     ->  Parallel Seq Scan on part  (cost=0.00..5347.00 rows=81 width=4)
           ->  Aggregate  (cost=123.70..123.72 rows=1 width=32)
                 ->  Bitmap Heap Scan on lineitem lineitem_1  (cost=4.67..123.63 rows=30 width=5)
                       ->  Bitmap Index Scan on idx_lineitem_part_supp  (cost=0.00..4.66 rows=30 width=0)
