Nested Loop  (cost=291390.75..387733.88 rows=194428 width=44)
Hash Join  (cost=291390.32..327024.50 rows=48593 width=47)
Hash Join  (cost=286279.07..321785.70 rows=48593 width=32)
