Nested Loop  (cost=1260.72..178764.54 rows=1 width=26)
Nested Loop Semi Join  (cost=1260.30..178764.03 rows=1 width=42)
Nested Loop Anti Join  (cost=259.86..177762.88 rows=1 width=42)
Hash Join  (cost=259.43..156471.84 rows=33151 width=42)
Nested Loop  (cost=7.38..254.43 rows=400 width=30)
