 Aggregate  (cost=157835.00..157835.01 rows=1 width=32)
   ->  Bitmap Heap Scan on lineitem  (cost=30011.52..157256.86 rows=115628 width=12)
         ->  Bitmap Index Scan on idx_lineitem_shipdate  (cost=0.00..29982.61 rows=115628 width=0)
