 Sort  (cost=1449824.53..1449825.03 rows=200 width=16)
   ->  HashAggregate  (cost=1449814.89..1449816.89 rows=200 width=16)
         ->  Finalize HashAggregate  (cost=1383012.44..1427313.01 rows=1500125 width=12)
               ->  Gather  (cost=826972.88..1190808.93 rows=3000250 width=12)
                     ->  Partial HashAggregate  (cost=825972.88..889783.93 rows=1500125 width=12)
                           ->  Parallel Hash Right Join  (cost=40466.72..474542.34 rows=6247654 width=8)
                                 ->  Parallel Seq Scan on orders  (cost=0.00..354219.48 rows=6247654 width=12)
                                 ->  Parallel Hash  (cost=30211.57..30211.57 rows=625052 width=4)
                                       ->  Parallel Index Only Scan using customer_pkey on customer  (cost=0.43..30211.57 rows=625052 width=4)
