 Sort  (cost=401178.98..401562.40 rows=153365 width=44)
   ->  GroupAggregate  (cost=307045.15..383251.19 rows=153365 width=44)
         ->  Gather Merge  (cost=307045.15..375813.02 rows=590452 width=44)
               ->  Sort  (cost=306045.13..306660.18 rows=246022 width=44)
                     ->  Parallel Hash Join  (cost=66878.59..276445.29 rows=246022 width=44)
                           ->  Parallel Index Only Scan using partsupp_pkey on partsupp  (cost=3547.46..208738.89 rows=1666764 width=16)
                                   ->  Seq Scan on supplier  (cost=0.00..3547.00 rows=10 width=4)
                           ->  Parallel Hash  (cost=61793.64..61793.64 rows=123000 width=40)
                                 ->  Parallel Seq Scan on part  (cost=0.00..61793.64 rows=123000 width=40)
