Nested Loop  (cost=2859891.80..3614966.87 rows=540374 width=44)
Merge Join  (cost=2859891.23..2941660.11 rows=135086 width=47)
Hash Join  (cost=2382936.95..2848375.80 rows=135086 width=32)
