Nested Loop Semi Join  (cost=4199.79..2888751.56 rows=1077 width=51)
Hash Join  (cost=1.32..3067.15 rows=2353 width=55)
Nested Loop  (cost=0.86..721.01 rows=1 width=8)
