Merge Join  (cost=646541.96..1746966.64 rows=1 width=192)
Nested Loop  (cost=42.10..207199.13 rows=1600093 width=176)
Nested Loop  (cost=41.67..2235.43 rows=20000 width=166)
Nested Loop  (cost=0.14..13.95 rows=5 width=30)
Nested Loop  (cost=0.86..170.90 rows=4 width=6)
Nested Loop  (cost=0.86..169.60 rows=19 width=14)
Nested Loop  (cost=0.72..166.67 rows=19 width=14)
