Hash Join  (cost=3.29..231953.91 rows=20 width=81)
Nested Loop  (cost=1.73..231952.24 rows=20 width=35)
Nested Loop  (cost=1.29..231942.76 rows=20 width=39)
Nested Loop  (cost=1.00..231936.56 rows=20 width=47)
Nested Loop  (cost=0.43..148175.23 rows=67345 width=26)
