 Sort  (cost=690388.90..690389.40 rows=200 width=16)
   ->  HashAggregate  (cost=690379.25..690381.25 rows=200 width=16)
         ->  Finalize HashAggregate  (cost=656980.82..679129.25 rows=750000 width=12)
               ->  Gather  (cost=379224.59..560887.07 rows=1500000 width=12)
                     ->  Partial HashAggregate  (cost=378224.59..409887.07 rows=750000 width=12)
                           ->  Parallel Hash Right Join  (cost=19017.67..204254.76 rows=3092797 width=8)
                                 ->  Parallel Seq Scan on orders  (cost=0.00..177118.45 rows=3092797 width=12)
                                 ->  Parallel Hash  (cost=15111.42..15111.42 rows=312500 width=4)
                                       ->  Parallel Index Only Scan using customer_pkey on customer  (cost=0.42..15111.42 rows=312500 width=4)
