 Sort  (cost=197828.96..198028.02 rows=79624 width=44)
   ->  GroupAggregate  (cost=153353.37..191347.20 rows=79624 width=44)
         ->  Gather Merge  (cost=153353.37..187609.66 rows=294130 width=44)
               ->  Sort  (cost=152353.35..152659.73 rows=122554 width=44)
                     ->  Parallel Hash Join  (cost=33440.11..138222.66 rows=122554 width=44)
                           ->  Parallel Index Only Scan using partsupp_pkey on partsupp  (cost=1775.44..104370.60 rows=833289 width=16)
                                   ->  Seq Scan on supplier  (cost=0.00..1775.00 rows=5 width=4)
                           ->  Parallel Hash  (cost=30898.67..30898.67 rows=61280 width=40)
                                 ->  Parallel Seq Scan on part  (cost=0.00..30898.67 rows=61280 width=40)
