Nested Loop  (cost=1489131.86..1908398.81 rows=524909 width=44)
Merge Join  (cost=1489131.42..1530981.51 rows=131191 width=47)
Hash Join  (cost=1245246.83..1477978.82 rows=131191 width=32)
