Nested Loop  (cost=2551.74..883184.75 rows=1 width=26)
Nested Loop Semi Join  (cost=2551.31..883184.23 rows=1 width=42)
Nested Loop Anti Join  (cost=1550.87..882181.89 rows=1 width=42)
Hash Join  (cost=1550.43..781795.84 rows=165714 width=42)
Hash Join  (cost=1.32..1535.73 rows=1176 width=30)
