Hash Join  (cost=5.66..386261.85 rows=4986 width=70)
Nested Loop  (cost=4.09..386232.52 rows=4986 width=24)
Hash Join  (cost=3.80..384689.55 rows=5015 width=24)
Nested Loop  (cost=1.29..384542.86 rows=25074 width=32)
Nested Loop  (cost=0.87..372536.20 rows=25074 width=32)
Nested Loop  (cost=0.44..333001.06 rows=83031 width=28)
Hash Join  (cost=1.07..2.45 rows=5 width=4)
