Hash Join  (cost=307091.18..317509.13 rows=48600 width=182)
Hash Join  (cost=307089.61..317358.36 rows=48600 width=164)
Nested Loop  (cost=1648.27..306482.11 rows=48600 width=20)
