 Sort  (cost=78015.58..78095.68 rows=32037 width=44)
   ->  GroupAggregate  (cost=60219.31..75618.02 rows=32037 width=44)
         ->  Gather Merge  (cost=60219.31..74105.37 rows=119228 width=44)
               ->  Sort  (cost=59219.28..59343.48 rows=49678 width=44)
                     ->  Parallel Hash Join  (cost=13380.62..55344.32 rows=49678 width=44)
                           ->  Parallel Index Only Scan using partsupp_pkey on partsupp  (cost=710.43..41799.23 rows=333289 width=16)
                                   ->  Seq Scan on supplier  (cost=0.00..710.00 rows=2 width=4)
                           ->  Parallel Hash  (cost=12359.67..12359.67 rows=24842 width=40)
                                 ->  Parallel Seq Scan on part  (cost=0.00..12359.67 rows=24842 width=40)
