Nested Loop  (cost=637834.75..733860.83 rows=208296 width=44)
Hash Join  (cost=637834.32..647180.09 rows=52086 width=47)
Hash Join  (cost=566144.59..637183.24 rows=52086 width=32)
