 Finalize Aggregate  (cost=66473.34..66473.35 rows=1 width=32)
   ->  Gather  (cost=66473.11..66473.32 rows=2 width=32)
         ->  Partial Aggregate  (cost=65473.11..65473.12 rows=1 width=32)
               ->  Nested Loop  (cost=0.43..65472.39 rows=96 width=12)
                     ->  Parallel Seq Scan on part  (cost=0.00..15276.33 rows=406 width=30)
                     ->  Index Scan using idx_lineitem_part_supp on lineitem  (cost=0.43..123.63 rows=1 width=25)
