Hash Join  (cost=745.06..187911.63 rows=5052 width=96)
Nested Loop  (cost=2.26..186506.36 rows=121498 width=50)
Nested Loop  (cost=1.83..26073.42 rows=100009 width=30)
Hash Join  (cost=1.40..9045.15 rows=10000 width=30)
Hash Join  (cost=1.40..722.80 rows=1600 width=30)
