explain -- $ID$
-- TPC-H/TPC-R Forecasting Revenue Change Query (Q6)
-- Functional Query Definition
-- Approved February 1998
select
	sum(l_extendedprice * l_discount) as revenue
from
	lineitem
where
	l_shipdate >= date '1994-01-01'
	and l_shipdate < date '1994-01-01' + interval '1' year
	and l_discount between 0.06 - 0.01 and 0.06 + 0.01
	and l_quantity < 24;
                                                                                                        QUERY PLAN                                                                                                         
---------------------------------------------------------------------------------------------------------------------------------------------------------------------------------------------------------------------------
 Finalize Aggregate  (cost=1780174.96..1780174.97 rows=1 width=32)
   ->  Gather  (cost=1780174.74..1780174.95 rows=2 width=32)
         Workers Planned: 2
         ->  Partial Aggregate  (cost=1779174.74..1779174.75 rows=1 width=32)
               ->  Parallel Seq Scan on lineitem  (cost=0.00..1776800.62 rows=474823 width=12)
                     Filter: ((l_shipdate >= '1994-01-01'::date) AND (l_shipdate < '1995-01-01 00:00:00'::timestamp without time zone) AND (l_discount >= 0.05) AND (l_discount <= 0.07) AND (l_quantity < '24'::numeric))
(6 rows)

